<?xml version="1.0" encoding="UTF-8"?>
<!-- Generated by org.testng.reporters.JUnitReportReporter -->
<testsuite hostname="shashika-pc" name="hms.mchoice.rewards.BankAccountTest" tests="4" failures="0" timestamp="3 Aug 2015 04:34:39 GMT" time="0.007" errors="0">
  <testcase name="testWithDrawnNeg" time="0.000" classname="hms.mchoice.rewards.BankAccountTest"/>
  <testcase name="testGetBalance" time="0.000" classname="hms.mchoice.rewards.BankAccountTest"/>
  <testcase name="testWithdrawn" time="0.000" classname="hms.mchoice.rewards.BankAccountTest"/>
  <testcase name="testDeposit" time="0.007" classname="hms.mchoice.rewards.BankAccountTest"/>
</testsuite> <!-- hms.mchoice.rewards.BankAccountTest -->
